# JRE version: Java(TM) SE Runtime Environment (8.0_25-b18) (build 1.8.0_25-b18)
# Java VM: Java HotSpot(TM) 64-Bit Server VM (25.25-b02 mixed mode windows-amd64 compressed oops)
Heap:
 PSYoungGen      total 54272K, used 25639K [0x00000007bc400000, 0x00000007c0000000, 0x00000007c0000000)
  eden space 47104K, 47% used [0x00000007bc400000,0x00000007bd9f3e28,0x00000007bf200000)
  from space 7168K, 44% used [0x00000007bf200000,0x00000007bf516060,0x00000007bf900000)
  to   space 6656K, 0% used [0x00000007bf980000,0x00000007bf980000,0x00000007c0000000)
 ParOldGen       total 135168K, used 71051K [0x0000000700000000, 0x0000000708400000, 0x00000007bc400000)
  object space 135168K, 52% used [0x0000000700000000,0x0000000704562d10,0x0000000708400000)
 Metaspace       used 63316K, capacity 63699K, committed 64384K, reserved 1103872K
  class space    used 9238K, capacity 9318K, committed 9344K, reserved 1048576K
GC Heap History (10 events):
Event: 342.991 GC heap before
{Heap before GC invocations=67 (full 8):
 PSYoungGen      total 53760K, used 46731K [0x00000007bc400000, 0x00000007c0000000, 0x00000007c0000000)
  eden space 45568K, 100% used [0x00000007bc400000,0x00000007bf080000,0x00000007bf080000)
  from space 8192K, 14% used [0x00000007bf800000,0x00000007bf922fa8,0x00000007c0000000)
  to   space 7680K, 0% used [0x00000007bf080000,0x00000007bf080000,0x00000007bf800000)
 ParOldGen       total 135168K, used 70675K [0x0000000700000000, 0x0000000708400000, 0x00000007bc400000)
  object space 135168K, 52% used [0x0000000700000000,0x0000000704504d10,0x0000000708400000)
 Metaspace       used 62371K, capacity 62765K, committed 63488K, reserved 1103872K
  class space    used 9011K, capacity 9093K, committed 9216K, reserved 1048576K
Event: 342.996 GC heap after
Heap after GC invocations=67 (full 8):
 PSYoungGen      total 53248K, used 1224K [0x00000007bc400000, 0x00000007c0000000, 0x00000007c0000000)
  eden space 45568K, 0% used [0x00000007bc400000,0x00000007bc400000,0x00000007bf080000)
  from space 7680K, 15% used [0x00000007bf080000,0x00000007bf1b21b8,0x00000007bf800000)
  to   space 7680K, 0% used [0x00000007bf880000,0x00000007bf880000,0x00000007c0000000)
 ParOldGen       total 135168K, used 70835K [0x0000000700000000, 0x0000000708400000, 0x00000007bc400000)
  object space 135168K, 52% used [0x0000000700000000,0x000000070452cd10,0x0000000708400000)
 Metaspace       used 62371K, capacity 62765K, committed 63488K, reserved 1103872K
  class space    used 9011K, capacity 9093K, committed 9216K, reserved 1048576K
}
Event: 343.509 GC heap before
{Heap before GC invocations=68 (full 8):
 PSYoungGen      total 53248K, used 46792K [0x00000007bc400000, 0x00000007c0000000, 0x00000007c0000000)
  eden space 45568K, 100% used [0x00000007bc400000,0x00000007bf080000,0x00000007bf080000)
  from space 7680K, 15% used [0x00000007bf080000,0x00000007bf1b21b8,0x00000007bf800000)
  to   space 7680K, 0% used [0x00000007bf880000,0x00000007bf880000,0x00000007c0000000)
 ParOldGen       total 135168K, used 70835K [0x0000000700000000, 0x0000000708400000, 0x00000007bc400000)
  object space 135168K, 52% used [0x0000000700000000,0x000000070452cd10,0x0000000708400000)
 Metaspace       used 62413K, capacity 62765K, committed 63488K, reserved 1103872K
  class space    used 9016K, capacity 9093K, committed 9216K, reserved 1048576K
Event: 343.512 GC heap after
Heap after GC invocations=68 (full 8):
 PSYoungGen      total 54272K, used 1224K [0x00000007bc400000, 0x00000007c0000000, 0x00000007c0000000)
  eden space 46592K, 0% used [0x00000007bc400000,0x00000007bc400000,0x00000007bf180000)
  from space 7680K, 15% used [0x00000007bf880000,0x00000007bf9b21b8,0x00000007c0000000)
  to   space 7168K, 0% used [0x00000007bf180000,0x00000007bf180000,0x00000007bf880000)
 ParOldGen       total 135168K, used 71051K [0x0000000700000000, 0x0000000708400000, 0x00000007bc400000)
  object space 135168K, 52% used [0x0000000700000000,0x0000000704562d10,0x0000000708400000)
 Metaspace       used 62413K, capacity 62765K, committed 63488K, reserved 1103872K
  class space    used 9016K, capacity 9093K, committed 9216K, reserved 1048576K
}
Event: 350.151 GC heap before
{Heap before GC invocations=69 (full 8):
 PSYoungGen      total 54272K, used 47816K [0x00000007bc400000, 0x00000007c0000000, 0x00000007c0000000)
  eden space 46592K, 100% used [0x00000007bc400000,0x00000007bf180000,0x00000007bf180000)
  from space 7680K, 15% used [0x00000007bf880000,0x00000007bf9b21b8,0x00000007c0000000)
  to   space 7168K, 0% used [0x00000007bf180000,0x00000007bf180000,0x00000007bf880000)
 ParOldGen       total 135168K, used 71051K [0x0000000700000000, 0x0000000708400000, 0x00000007bc400000)
  object space 135168K, 52% used [0x0000000700000000,0x0000000704562d10,0x0000000708400000)
 Metaspace       used 62426K, capacity 62765K, committed 63488K, reserved 1103872K
  class space    used 9016K, capacity 9093K, committed 9216K, reserved 1048576K
Event: 350.158 GC heap after
Heap after GC invocations=69 (full 8):
 PSYoungGen      total 53760K, used 1151K [0x00000007bc400000, 0x00000007c0000000, 0x00000007c0000000)
  eden space 46592K, 0% used [0x00000007bc400000,0x00000007bc400000,0x00000007bf180000)
  from space 7168K, 16% used [0x00000007bf180000,0x00000007bf29fe98,0x00000007bf880000)
  to   space 7168K, 0% used [0x00000007bf900000,0x00000007bf900000,0x00000007c0000000)
 ParOldGen       total 135168K, used 71051K [0x0000000700000000, 0x0000000708400000, 0x00000007bc400000)
  object space 135168K, 52% used [0x0000000700000000,0x0000000704562d10,0x0000000708400000)
 Metaspace       used 62426K, capacity 62765K, committed 63488K, reserved 1103872K
  class space    used 9016K, capacity 9093K, committed 9216K, reserved 1048576K
}
Event: 367.198 GC heap before
{Heap before GC invocations=70 (full 8):
 PSYoungGen      total 53760K, used 47743K [0x00000007bc400000, 0x00000007c0000000, 0x00000007c0000000)
  eden space 46592K, 100% used [0x00000007bc400000,0x00000007bf180000,0x00000007bf180000)
  from space 7168K, 16% used [0x00000007bf180000,0x00000007bf29fe98,0x00000007bf880000)
  to   space 7168K, 0% used [0x00000007bf900000,0x00000007bf900000,0x00000007c0000000)
 ParOldGen       total 135168K, used 71051K [0x0000000700000000, 0x0000000708400000, 0x00000007bc400000)
  object space 135168K, 52% used [0x0000000700000000,0x0000000704562d10,0x0000000708400000)
 Metaspace       used 63157K, capacity 63539K, committed 64128K, reserved 1103872K
  class space    used 9228K, capacity 9286K, committed 9344K, reserved 1048576K
Event: 367.202 GC heap after
Heap after GC invocations=70 (full 8):
 PSYoungGen      total 54272K, used 3106K [0x00000007bc400000, 0x00000007c0000000, 0x00000007c0000000)
  eden space 47104K, 0% used [0x00000007bc400000,0x00000007bc400000,0x00000007bf200000)
  from space 7168K, 43% used [0x00000007bf900000,0x00000007bfc08af8,0x00000007c0000000)
  to   space 7168K, 0% used [0x00000007bf200000,0x00000007bf200000,0x00000007bf900000)
 ParOldGen       total 135168K, used 71051K [0x0000000700000000, 0x0000000708400000, 0x00000007bc400000)
  object space 135168K, 52% used [0x0000000700000000,0x0000000704562d10,0x0000000708400000)
 Metaspace       used 63157K, capacity 63539K, committed 64128K, reserved 1103872K
  class space    used 9228K, capacity 9286K, committed 9344K, reserved 1048576K
}
Event: 433.546 GC heap before
{Heap before GC invocations=71 (full 8):
 PSYoungGen      total 54272K, used 50210K [0x00000007bc400000, 0x00000007c0000000, 0x00000007c0000000)
  eden space 47104K, 100% used [0x00000007bc400000,0x00000007bf200000,0x00000007bf200000)
  from space 7168K, 43% used [0x00000007bf900000,0x00000007bfc08af8,0x00000007c0000000)
  to   space 7168K, 0% used [0x00000007bf200000,0x00000007bf200000,0x00000007bf900000)
 ParOldGen       total 135168K, used 71051K [0x0000000700000000, 0x0000000708400000, 0x00000007bc400000)
  object space 135168K, 52% used [0x0000000700000000,0x0000000704562d10,0x0000000708400000)
 Metaspace       used 63205K, capacity 63603K, committed 64128K, reserved 1103872K
  class space    used 9228K, capacity 9286K, committed 9344K, reserved 1048576K
Event: 433.551 GC heap after
Heap after GC invocations=71 (full 8):
 PSYoungGen      total 54272K, used 3160K [0x00000007bc400000, 0x00000007c0000000, 0x00000007c0000000)
  eden space 47104K, 0% used [0x00000007bc400000,0x00000007bc400000,0x00000007bf200000)
  from space 7168K, 44% used [0x00000007bf200000,0x00000007bf516060,0x00000007bf900000)
  to   space 6656K, 0% used [0x00000007bf980000,0x00000007bf980000,0x00000007c0000000)
 ParOldGen       total 135168K, used 71051K [0x0000000700000000, 0x0000000708400000, 0x00000007bc400000)
  object space 135168K, 52% used [0x0000000700000000,0x0000000704562d10,0x0000000708400000)
 Metaspace       used 63205K, capacity 63603K, committed 64128K, reserved 1103872K
  class space    used 9228K, capacity 9286K, committed 9344K, reserved 1048576K
}

